<?xml version="1.0" encoding="UTF-8"?>
<!-- Generated by org.testng.reporters.JUnitReportReporter -->
<testsuite hostname="DESKTOP-0ILH338" failures="0" tests="11" name="homePage.myTestCases" time="30.502" errors="0" timestamp="2024-09-01T22:19:03 EET" skipped="0">
  <testcase classname="homePage.myTestCases" name="CheckTheDefaultLang" time="0.038"/>
  <system-out/>
  <testcase classname="homePage.myTestCases" name="CheckDefaultCurrency" time="0.030"/>
  <system-out/>
  <testcase classname="homePage.myTestCases" name="CheckContactNumber" time="0.029"/>
  <system-out/>
  <testcase classname="homePage.myTestCases" name="CheckTheQitafLogo" time="0.043"/>
  <system-out/>
  <testcase classname="homePage.myTestCases" name="TestHotels" time="0.031"/>
  <system-out/>
  <testcase classname="homePage.myTestCases" name="TestDepartureDate" time="0.053"/>
  <system-out/>
  <testcase classname="homePage.myTestCases" name="CheckLanguage" time="0.821"/>
  <system-out/>
  <testcase classname="homePage.myTestCases" name="FillHotelTab" time="2.536"/>
  <system-out/>
  <testcase classname="homePage.myTestCases" name="RandomlySelectTheNumberOfVistor" time="6.017"/>
  <system-out/>
  <testcase classname="homePage.myTestCases" name="CheckThePageFullyLoaded" time="20.046"/>
  <system-out/>
  <testcase classname="homePage.myTestCases" name="SortItemsLowestToHighestPrice" time="0.858"/>
  <system-out/>
</testsuite> <!-- homePage.myTestCases -->
