<?xml version="1.0" encoding="UTF-8"?>
<!-- Generated by org.testng.reporters.JUnitReportReporter -->
<testsuite hostname="DESKTOP-0ILH338" failures="0" tests="4" name="homePage.myTestCases" time="0.192" errors="0" timestamp="2024-08-24T17:41:56 EET" skipped="0">
  <testcase classname="homePage.myTestCases" name="CheckTheQitafLogo" time="0.045"/>
  <system-out/>
  <testcase classname="homePage.myTestCases" name="CheckTheDefaultLang" time="0.028"/>
  <system-out/>
  <testcase classname="homePage.myTestCases" name="CheckContactNumber" time="0.080"/>
  <system-out/>
  <testcase classname="homePage.myTestCases" name="CheckDefaultCurrency" time="0.039"/>
  <system-out/>
</testsuite> <!-- homePage.myTestCases -->
